Arguments: 
  C:\Program Files\nodejs\node.exe C:\Users\Crow\AppData\Roaming\npm\node_modules\yarn\bin\yarn.js run dev

PATH: 
  C:\Program Files (x86)\Common Files\Intel\Shared Libraries\redist\intel64\compiler;C:\Windows\system32;C:\Windows;C:\Windows\System32\Wbem;C:\Windows\System32\WindowsPowerShell\v1.0\;C:\Windows\System32\OpenSSH\;C:\Program Files\NVIDIA Corporation\NVIDIA NvDLISR;C:\Program Files (x86)\NVIDIA Corporation\PhysX\Common;C:\Program Files\nodejs\;C:\ProgramData\chocolatey\bin;C:\Program Files\Git\cmd;C:\Users\Crow\AppData\Local\Programs\Python\Python39\Scripts\;C:\Users\Crow\AppData\Local\Programs\Python\Python39\;C:\Users\Crow\AppData\Local\Microsoft\WindowsApps;C:\Users\Crow\AppData\Local\Programs\Microsoft VS Code\bin;C:\Users\Crow\AppData\Local\GitHubDesktop\bin;C:\Users\Crow\AppData\Roaming\npm;C:\Users\Crow\AppData\Local\gitkraken\bin

Yarn version: 
  1.22.10

Node version: 
  15.12.0

Platform: 
  win32 x64

Trace: 
  SyntaxError: C:\Users\Crow\Desktop\Codes\portfolio\package.json: Unexpected string in JSON at position 201
      at JSON.parse (<anonymous>)
      at C:\Users\Crow\AppData\Roaming\npm\node_modules\yarn\lib\cli.js:1625:59
      at Generator.next (<anonymous>)
      at step (C:\Users\Crow\AppData\Roaming\npm\node_modules\yarn\lib\cli.js:310:30)
      at C:\Users\Crow\AppData\Roaming\npm\node_modules\yarn\lib\cli.js:321:13

npm manifest: 
  {
    "name": "portfolio",
    "version": "1.0.0",
    "main": "index.js",
    "repository": "https://github.com/Crowexe/portfolio.git",
    "author": "Luis Venegas <crow.99@hotmail.com>",
    "license": "MIT"
  
    "scripts": {
      "dev":"parcel index.html -p 3001"
    }
  }

yarn manifest: 
  No manifest

Lockfile: 
  No lockfile
